*** Using Compiler 'V5.06 update 7 (build 960)', folder: 'D:\MDK\ARM\ARMCC\Bin'
Rebuild target 'Target 1'
compiling core_cm3.c...
compiling misc.c...
compiling stm32f10x_rcc.c...
compiling stm32f10x_bkp.c...
compiling stm32f10x_gpio.c...
compiling system_stm32f10x.c...
compiling stm32f10x_usart.c...
assembling startup_stm32f10x_md.s...
compiling stm32f10x_pwr.c...
compiling stm32f10x_rtc.c...
compiling stm32f10x_it.c...
compiling main.c...
User\main.c(25): warning:  #177-D: variable "a"  was declared but never referenced
  	u8 a=7,b=8;
User\main.c(25): warning:  #177-D: variable "b"  was declared but never referenced
  	u8 a=7,b=8;
User\main.c: 2 warnings, 0 errors
compiling delay.c...
compiling stm32f10x_flash.c...
compiling sys.c...
compiling flash.c...
compiling usart.c...
compiling key.c...
compiling led.c...
compiling buzzer.c...
linking...
Program Size: Code=11900 RO-data=784 RW-data=48 ZI-data=1832  
FromELF: creating hex file...
".\YT32B1_STM32F103_demo.axf" - 0 Error(s), 2 Warning(s).
Build Time Elapsed:  00:00:03
